<?xml version="1.0" encoding="UTF-8"?>
<!-- Generated by org.testng.reporters.JUnitReportReporter -->
<testsuite hostname="LAPTOP-KOMAL" failures="0" tests="2" name="TestClassesNeoMav.NeoStoxTestClassWithProperty" time="38.289" errors="0" timestamp="2023-02-21T14:21:53 ICT" skipped="0">
  <testcase classname="TestClassesNeoMav.NeoStoxTestClassWithProperty" name="validateUN" time="21.803"/>
  <system-out/>
  <testcase classname="TestClassesNeoMav.NeoStoxTestClassWithProperty" name="validateBalance" time="16.486"/>
  <system-out>
    <![CDATA[Actual Balance = Rs.5,00,000.00]]>
  </system-out>
</testsuite> <!-- TestClassesNeoMav.NeoStoxTestClassWithProperty -->
